Arguments: 
  C:\Program Files\nodejs\node.exe C:\Program Files (x86)\Yarn\bin\yarn.js add momment

PATH: 
  C:\Program Files\Git\mingw64\bin;C:\Program Files\Git\usr\bin;C:\Users\stacy.clem\bin;C:\ProgramData\Oracle\Java\javapath;C:\windows\system32;C:\windows;C:\windows\System32\Wbem;C:\windows\System32\WindowsPowerShell\v1.0;C:\Program Files\Microsoft SQL Server\130\Tools\Binn;C:\Program Files\Git LFS;C:\Program Files (x86)\Microsoft SQL Server\130\Tools\Binn;C:\Program Files (x86)\Microsoft SQL Server\130\DTS\Binn;C:\Program Files\Microsoft SQL Server\130\DTS\Binn;C:\Program Files\Microsoft SQL Server\Client SDK\ODBC\130\Tools\Binn;C:\Program Files (x86)\Microsoft SQL Server\Client SDK\ODBC\130\Tools\Binn;C:\Program Files (x86)\Microsoft SQL Server\140\Tools\Binn;C:\Program Files (x86)\Microsoft SQL Server\140\DTS\Binn;C:\Program Files (x86)\Microsoft SQL Server\140\Tools\Binn\ManagementStudio;C:\Program Files (x86)\Microsoft SQL Server\110\DTS\Binn;C:\Program Files (x86)\Microsoft SQL Server\120\DTS\Binn;C:\Program Files (x86)\Skype\Phone;C:\Program Files\Git\cmd;C:\Program Files (x86)\dotnet;C:\Program Files\LLVM\bin;C:\Program Files\TortoiseGit\bin;C:\Program Files\dotnet;C:\Program Files\nodejs;C:\ProgramData\chocolatey\bin;C:\Program Files (x86)\Yarn\bin;C:\Users\stacy.clem\.cargo\bin;C:\Users\stacy.clem\AppData\Local\Google\Cloud SDK\google-cloud-sdk\bin;C:\Program Files\Microsoft VS Code\bin;C:\Users\stacy.clem\AppData\Local\GitHubDesktop\bin;C:\Users\stacy.clem\AppData\Roaming\npm;C:\Users\stacy.clem\.babun;C:\Users\stacy.clem\AppData\Local\hyper\app-2.0.0\resources\bin;C:\Users\stacy.clem\AppData\Local\.meteor;C:\Users\stacy.clem\AppData\Local\Programs\Microsoft VS Code\bin;C:\Users\stacy.clem\AppData\Local\Yarn\bin

Yarn version: 
  1.9.4

Node version: 
  10.2.1

Platform: 
  win32 x64

Trace: 
  Error: https://registry.yarnpkg.com/momment: Not found
      at Request.params.callback [as _callback] (C:\Program Files (x86)\Yarn\lib\cli.js:64202:18)
      at Request.self.callback (C:\Program Files (x86)\Yarn\lib\cli.js:137468:22)
      at Request.emit (events.js:182:13)
      at Request.<anonymous> (C:\Program Files (x86)\Yarn\lib\cli.js:138440:10)
      at Request.emit (events.js:182:13)
      at IncomingMessage.<anonymous> (C:\Program Files (x86)\Yarn\lib\cli.js:138362:12)
      at Object.onceWrapper (events.js:273:13)
      at IncomingMessage.emit (events.js:187:15)
      at endReadableNT (_stream_readable.js:1090:12)
      at process._tickCallback (internal/process/next_tick.js:63:19)

npm manifest: 
  No manifest

yarn manifest: 
  No manifest

Lockfile: 
  No lockfile
